Using pre-set license
Built from '2020.3/release' branch; Version is '2020.3.7f1 (dd97f2c94397) revision 14522354'; Using compiler version '192528614'; Build Type 'Release'
OS: 'Windows 10 Pro; OS build 19042.1083; Version 2009; 64bit' Language: 'en' Physical Memory: 32673 MB
BatchMode: 1, IsHumanControllingUs: 0, StartBugReporterOnCrash: 0, Is64bit: 1, IsPro: 0

 COMMAND LINE ARGUMENTS:
C:\Program Files\Unity\Hub\Editor\2020.3.7f1\Editor\Unity.exe
-adb2
-batchMode
-noUpm
-name
AssetImportWorker0
-projectPath
D:/UnityProjects/ProjectJumpQuest
-logFile
Logs/AssetImportWorker0.log
-srvPort
56018
Successfully changed project path to: D:/UnityProjects/ProjectJumpQuest
D:/UnityProjects/ProjectJumpQuest
Using Asset Import Pipeline V2.
Refreshing native plugins compatible for Editor in 30.45 ms, found 1 plugins.
Preloading 0 native plugins for Editor in 0.00 ms.
Initialize engine version: 2020.3.7f1 (dd97f2c94397)
[Subsystems] Discovering subsystems at path C:/Program Files/Unity/Hub/Editor/2020.3.7f1/Editor/Data/Resources/UnitySubsystems
[Subsystems] Discovering subsystems at path D:/UnityProjects/ProjectJumpQuest/Assets
GfxDevice: creating device client; threaded=0
Direct3D:
    Version:  Direct3D 11.0 [level 11.1]
    Renderer: NVIDIA GeForce RTX 3060 Ti (ID=0x2486)
    Vendor:   
    VRAM:     8050 MB
    Driver:   30.0.14.7111
Initialize mono
Mono path[0] = 'C:/Program Files/Unity/Hub/Editor/2020.3.7f1/Editor/Data/Managed'
Mono path[1] = 'C:/Program Files/Unity/Hub/Editor/2020.3.7f1/Editor/Data/MonoBleedingEdge/lib/mono/unityjit'
Mono config path = 'C:/Program Files/Unity/Hub/Editor/2020.3.7f1/Editor/Data/MonoBleedingEdge/etc'
Using monoOptions --debugger-agent=transport=dt_socket,embedding=1,server=y,suspend=n,address=127.0.0.1:56688
Begin MonoManager ReloadAssembly
Registering precompiled unity dll's ...
Register platform support module: C:/Program Files/Unity/Hub/Editor/2020.3.7f1/Editor/Data/PlaybackEngines/WindowsStandaloneSupport/UnityEditor.WindowsStandalone.Extensions.dll
Registered in 0.001819 seconds.
Native extension for WindowsStandalone target not found
Refreshing native plugins compatible for Editor in 31.77 ms, found 1 plugins.
Preloading 0 native plugins for Editor in 0.00 ms.
Mono: successfully reloaded assembly
- Completed reload, in  1.578 seconds
Platform modules already initialized, skipping
Registering precompiled user dll's ...
Registered in 0.000987 seconds.
Begin MonoManager ReloadAssembly
Native extension for WindowsStandalone target not found
Refreshing native plugins compatible for Editor in 30.63 ms, found 1 plugins.
Preloading 0 native plugins for Editor in 0.00 ms.
Mono: successfully reloaded assembly
- Completed reload, in  0.778 seconds
Platform modules already initialized, skipping
========================================================================
Worker process is ready to serve import requests
Launched and connected shader compiler UnityShaderCompiler.exe after 0.03 seconds
Refreshing native plugins compatible for Editor in 0.42 ms, found 1 plugins.
Preloading 0 native plugins for Editor in 0.00 ms.
Unloading 1808 Unused Serialized files (Serialized files now loaded: 0)
System memory in use before: 84.8 MB.
System memory in use after: 84.8 MB.

Unloading 24 unused Assets to reduce memory usage. Loaded Objects now: 2250.
Total: 2.179500 ms (FindLiveObjects: 0.251200 ms CreateObjectMapping: 0.044100 ms MarkObjects: 1.762400 ms  DeleteObjects: 0.120900 ms)

========================================================================
Received Import Request.
  path: Assets
  artifactKey: Guid(00000000000000001000000000000000) Importer(815301076,1909f56bfc062723c751e8b465ee728b)
Start importing Assets using Guid(00000000000000001000000000000000) Importer(815301076,1909f56bfc062723c751e8b465ee728b)  -> (artifact id: '5f6a1853b736837ecfb0820a881449cb') in 0.009672 seconds
  Import took 0.012448 seconds .

========================================================================
Received Import Request.
  Time since last request: 1.680204 seconds.
  path: Assets/Scripts
  artifactKey: Guid(6551cae7b97bd104894520fa6141a5a9) Importer(815301076,1909f56bfc062723c751e8b465ee728b)
Start importing Assets/Scripts using Guid(6551cae7b97bd104894520fa6141a5a9) Importer(815301076,1909f56bfc062723c751e8b465ee728b)  -> (artifact id: 'b9df6dce5afdda48becf1f247b15c8b1') in 0.005685 seconds
  Import took 0.008698 seconds .

========================================================================
Received Import Request.
  Time since last request: 6.165500 seconds.
  path: Assets/Prefab
  artifactKey: Guid(0578e2ad1f20270448b1bf6175460a36) Importer(815301076,1909f56bfc062723c751e8b465ee728b)
Start importing Assets/Prefab using Guid(0578e2ad1f20270448b1bf6175460a36) Importer(815301076,1909f56bfc062723c751e8b465ee728b)  -> (artifact id: '04196348a2a39314f37de33c741cdacc') in 0.005892 seconds
  Import took 0.008841 seconds .

========================================================================
Received Import Request.
  Time since last request: 0.000564 seconds.
  path: Assets/Prefab
  artifactKey: Guid(0578e2ad1f20270448b1bf6175460a36) Importer(815301076,1909f56bfc062723c751e8b465ee728b)
Start importing Assets/Prefab using Guid(0578e2ad1f20270448b1bf6175460a36) Importer(815301076,1909f56bfc062723c751e8b465ee728b)  -> (artifact id: '04196348a2a39314f37de33c741cdacc') in 0.001911 seconds
  Import took 0.004771 seconds .

========================================================================
Received Import Request.
  Time since last request: 57.166284 seconds.
  path: Assets/New Material.mat
  artifactKey: Guid(679044833c4c7cc4ab24540fcaf9fd64) Importer(815301076,1909f56bfc062723c751e8b465ee728b)
Start importing Assets/New Material.mat using Guid(679044833c4c7cc4ab24540fcaf9fd64) Importer(815301076,1909f56bfc062723c751e8b465ee728b)  -> (artifact id: 'c40f7f71127fb741814436f0e111fd4c') in 0.089218 seconds
  Import took 0.092519 seconds .

========================================================================
Received Import Request.
  Time since last request: 7.706240 seconds.
  path: Assets/Material
  artifactKey: Guid(6187d9b95695c3544b882e4d978c39b4) Importer(815301076,1909f56bfc062723c751e8b465ee728b)
Start importing Assets/Material using Guid(6187d9b95695c3544b882e4d978c39b4) Importer(815301076,1909f56bfc062723c751e8b465ee728b)  -> (artifact id: 'b093b4f325cd785bc5108a5c3dcf9835') in 0.005943 seconds
  Import took 0.009180 seconds .

AssetImportWorkerClient::OnTransportError - code=2 error=End of file
